<?xml version="1.0" encoding="UTF-8"?>
<!-- Generated by org.testng.reporters.JUnitReportReporter -->
<testsuite skipped="0" hostname="DESKTOP-88SLU00" name="TESTproject.TG_Login" tests="4" failures="0" timestamp="07 Mar 2022 10:40:13 GMT" time="65.628" errors="0">
  <testcase name="TG_Invalidlogin" time="12.092" classname="TESTproject.TG_Login"/>
  <testcase name="login" time="17.521" classname="TESTproject.TG_Login"/>
  <testcase name="TG_logout" time="24.561" classname="TESTproject.TG_Login"/>
  <testcase name="TG_Reset" time="11.454" classname="TESTproject.TG_Login"/>
</testsuite> <!-- TESTproject.TG_Login -->
